{"meta": {"format": 3, "version": "7.6.7", "timestamp": "2024-11-18T09:30:04.921282", "branch_coverage": false, "show_contexts": false}, "files": {"src/tg_reader/__init__.py": {"executed_lines": [1, 4, 6, 7, 9, 10, 13, 16, 17, 19, 20, 23, 28, 31, 60, 61, 63, 64, 65, 66, 67, 68, 69, 70, 71, 72, 73, 76, 100, 106, 107, 108, 111, 114, 115, 116, 119, 120, 126], "summary": {"covered_lines": 39, "num_statements": 41, "percent_covered": 95.1219512195122, "percent_covered_display": "95", "missing_lines": 2, "excluded_lines": 0}, "missing_lines": [11, 12], "excluded_lines": [], "functions": {"tg_to_events": {"executed_lines": [17, 19, 20, 23, 28], "summary": {"covered_lines": 5, "num_statements": 5, "percent_covered": 100.0, "percent_covered_display": "100", "missing_lines": 0, "excluded_lines": 0}, "missing_lines": [], "excluded_lines": []}, "events_to_frames": {"executed_lines": [60, 61, 63, 64, 65, 66, 67, 68, 69, 70, 71, 72, 73], "summary": {"covered_lines": 13, "num_statements": 13, "percent_covered": 100.0, "percent_covered_display": "100", "missing_lines": 0, "excluded_lines": 0}, "missing_lines": [], "excluded_lines": []}, "frames_to_events": {"executed_lines": [100, 106, 107, 108, 111, 114, 115, 116, 119, 120, 126], "summary": {"covered_lines": 11, "num_statements": 11, "percent_covered": 100.0, "percent_covered_display": "100", "missing_lines": 0, "excluded_lines": 0}, "missing_lines": [], "excluded_lines": []}, "": {"executed_lines": [1, 4, 6, 7, 9, 10, 13, 16, 31, 76], "summary": {"covered_lines": 10, "num_statements": 12, "percent_covered": 83.33333333333333, "percent_covered_display": "83", "missing_lines": 2, "excluded_lines": 0}, "missing_lines": [11, 12], "excluded_lines": []}}, "classes": {"": {"executed_lines": [1, 4, 6, 7, 9, 10, 13, 16, 17, 19, 20, 23, 28, 31, 60, 61, 63, 64, 65, 66, 67, 68, 69, 70, 71, 72, 73, 76, 100, 106, 107, 108, 111, 114, 115, 116, 119, 120, 126], "summary": {"covered_lines": 39, "num_statements": 41, "percent_covered": 95.1219512195122, "percent_covered_display": "95", "missing_lines": 2, "excluded_lines": 0}, "missing_lines": [11, 12], "excluded_lines": []}}}, "src/tg_reader/datatypes.py": {"executed_lines": [1, 2, 6, 9, 10, 20, 21, 22, 24, 25, 26, 27, 28, 31, 32, 44, 46, 47, 48, 49, 50, 51, 52, 53, 56, 57], "summary": {"covered_lines": 24, "num_statements": 26, "percent_covered": 92.3076923076923, "percent_covered_display": "92", "missing_lines": 2, "excluded_lines": 0}, "missing_lines": [3, 4], "excluded_lines": [], "functions": {"Interval.check_duration": {"executed_lines": [26, 27, 28], "summary": {"covered_lines": 3, "num_statements": 3, "percent_covered": 100.0, "percent_covered_display": "100", "missing_lines": 0, "excluded_lines": 0}, "missing_lines": [], "excluded_lines": []}, "Events.validate": {"executed_lines": [48, 49, 50, 51, 52, 53, 56, 57], "summary": {"covered_lines": 8, "num_statements": 8, "percent_covered": 100.0, "percent_covered_display": "100", "missing_lines": 0, "excluded_lines": 0}, "missing_lines": [], "excluded_lines": []}, "": {"executed_lines": [1, 2, 6, 9, 10, 20, 21, 22, 24, 25, 31, 32, 44, 46, 47], "summary": {"covered_lines": 13, "num_statements": 15, "percent_covered": 86.66666666666667, "percent_covered_display": "87", "missing_lines": 2, "excluded_lines": 0}, "missing_lines": [3, 4], "excluded_lines": []}}, "classes": {"Interval": {"executed_lines": [26, 27, 28], "summary": {"covered_lines": 3, "num_statements": 3, "percent_covered": 100.0, "percent_covered_display": "100", "missing_lines": 0, "excluded_lines": 0}, "missing_lines": [], "excluded_lines": []}, "Events": {"executed_lines": [48, 49, 50, 51, 52, 53, 56, 57], "summary": {"covered_lines": 8, "num_statements": 8, "percent_covered": 100.0, "percent_covered_display": "100", "missing_lines": 0, "excluded_lines": 0}, "missing_lines": [], "excluded_lines": []}, "": {"executed_lines": [1, 2, 6, 9, 10, 20, 21, 22, 24, 25, 31, 32, 44, 46, 47], "summary": {"covered_lines": 13, "num_statements": 15, "percent_covered": 86.66666666666667, "percent_covered_display": "87", "missing_lines": 2, "excluded_lines": 0}, "missing_lines": [3, 4], "excluded_lines": []}}}}, "totals": {"covered_lines": 63, "num_statements": 67, "percent_covered": 94.02985074626865, "percent_covered_display": "94", "missing_lines": 4, "excluded_lines": 0}}