{"meta": {"format": 3, "version": "7.6.7", "timestamp": "2024-11-19T14:10:34.679017", "branch_coverage": false, "show_contexts": false}, "files": {"src/tg_reader/__init__.py": {"executed_lines": [1, 4, 6, 7, 9, 10, 13, 28, 30, 31, 34, 39, 42, 73, 74, 76, 77, 78, 79, 80, 81, 82, 83, 84, 85, 86, 89, 116, 122, 123, 124, 127, 130, 131, 132, 135, 136, 142], "summary": {"covered_lines": 38, "num_statements": 38, "percent_covered": 100.0, "percent_covered_display": "100", "missing_lines": 0, "excluded_lines": 0}, "missing_lines": [], "excluded_lines": [], "functions": {"tg_to_events": {"executed_lines": [28, 30, 31, 34, 39], "summary": {"covered_lines": 5, "num_statements": 5, "percent_covered": 100.0, "percent_covered_display": "100", "missing_lines": 0, "excluded_lines": 0}, "missing_lines": [], "excluded_lines": []}, "events_to_frames": {"executed_lines": [73, 74, 76, 77, 78, 79, 80, 81, 82, 83, 84, 85, 86], "summary": {"covered_lines": 13, "num_statements": 13, "percent_covered": 100.0, "percent_covered_display": "100", "missing_lines": 0, "excluded_lines": 0}, "missing_lines": [], "excluded_lines": []}, "frames_to_events": {"executed_lines": [116, 122, 123, 124, 127, 130, 131, 132, 135, 136, 142], "summary": {"covered_lines": 11, "num_statements": 11, "percent_covered": 100.0, "percent_covered_display": "100", "missing_lines": 0, "excluded_lines": 0}, "missing_lines": [], "excluded_lines": []}, "": {"executed_lines": [1, 4, 6, 7, 9, 10, 13, 42, 89], "summary": {"covered_lines": 9, "num_statements": 9, "percent_covered": 100.0, "percent_covered_display": "100", "missing_lines": 0, "excluded_lines": 0}, "missing_lines": [], "excluded_lines": []}}, "classes": {"": {"executed_lines": [1, 4, 6, 7, 9, 10, 13, 28, 30, 31, 34, 39, 42, 73, 74, 76, 77, 78, 79, 80, 81, 82, 83, 84, 85, 86, 89, 116, 122, 123, 124, 127, 130, 131, 132, 135, 136, 142], "summary": {"covered_lines": 38, "num_statements": 38, "percent_covered": 100.0, "percent_covered_display": "100", "missing_lines": 0, "excluded_lines": 0}, "missing_lines": [], "excluded_lines": []}}}, "src/tg_reader/datatypes.py": {"executed_lines": [1, 3, 6, 7, 26, 27, 28, 30, 31, 32, 33, 34, 37, 38, 58, 60, 61, 62, 63, 64, 65, 66, 67, 70, 71], "summary": {"covered_lines": 23, "num_statements": 23, "percent_covered": 100.0, "percent_covered_display": "100", "missing_lines": 0, "excluded_lines": 0}, "missing_lines": [], "excluded_lines": [], "functions": {"Interval.check_duration": {"executed_lines": [32, 33, 34], "summary": {"covered_lines": 3, "num_statements": 3, "percent_covered": 100.0, "percent_covered_display": "100", "missing_lines": 0, "excluded_lines": 0}, "missing_lines": [], "excluded_lines": []}, "Events.validate": {"executed_lines": [62, 63, 64, 65, 66, 67, 70, 71], "summary": {"covered_lines": 8, "num_statements": 8, "percent_covered": 100.0, "percent_covered_display": "100", "missing_lines": 0, "excluded_lines": 0}, "missing_lines": [], "excluded_lines": []}, "": {"executed_lines": [1, 3, 6, 7, 26, 27, 28, 30, 31, 37, 38, 58, 60, 61], "summary": {"covered_lines": 12, "num_statements": 12, "percent_covered": 100.0, "percent_covered_display": "100", "missing_lines": 0, "excluded_lines": 0}, "missing_lines": [], "excluded_lines": []}}, "classes": {"Interval": {"executed_lines": [32, 33, 34], "summary": {"covered_lines": 3, "num_statements": 3, "percent_covered": 100.0, "percent_covered_display": "100", "missing_lines": 0, "excluded_lines": 0}, "missing_lines": [], "excluded_lines": []}, "Events": {"executed_lines": [62, 63, 64, 65, 66, 67, 70, 71], "summary": {"covered_lines": 8, "num_statements": 8, "percent_covered": 100.0, "percent_covered_display": "100", "missing_lines": 0, "excluded_lines": 0}, "missing_lines": [], "excluded_lines": []}, "": {"executed_lines": [1, 3, 6, 7, 26, 27, 28, 30, 31, 37, 38, 58, 60, 61], "summary": {"covered_lines": 12, "num_statements": 12, "percent_covered": 100.0, "percent_covered_display": "100", "missing_lines": 0, "excluded_lines": 0}, "missing_lines": [], "excluded_lines": []}}}}, "totals": {"covered_lines": 61, "num_statements": 61, "percent_covered": 100.0, "percent_covered_display": "100", "missing_lines": 0, "excluded_lines": 0}}